# JRE version: 7.0_21-b11
# Java VM: Java HotSpot(TM) 64-Bit Server VM (23.21-b01 mixed mode linux-amd64 compressed oops)
Heap
 PSYoungGen      total 142080K, used 10871K [0x00000000f5560000, 0x00000000feac0000, 0x0000000100000000)
  eden space 131200K, 0% used [0x00000000f5560000,0x00000000f5560000,0x00000000fd580000)
  from space 10880K, 99% used [0x00000000fe020000,0x00000000feabdca0,0x00000000feac0000)
  to   space 10880K, 0% used [0x00000000fd580000,0x00000000fd580000,0x00000000fe020000)
 ParOldGen       total 174784K, used 6643K [0x00000000e0000000, 0x00000000eaab0000, 0x00000000f5560000)
  object space 174784K, 3% used [0x00000000e0000000,0x00000000e067cca0,0x00000000eaab0000)
 PSPermGen       total 21248K, used 20652K [0x00000000dae00000, 0x00000000dc2c0000, 0x00000000e0000000)
  object space 21248K, 97% used [0x00000000dae00000,0x00000000dc22b358,0x00000000dc2c0000)
GC Heap History (9 events):
Event: 1.473 GC heap before
{Heap before GC invocations=1 (full 0):
 PSYoungGen      total 76480K, used 65600K [0x00000000f5560000, 0x00000000faab0000, 0x0000000100000000)
  eden space 65600K, 100% used [0x00000000f5560000,0x00000000f9570000,0x00000000f9570000)
  from space 10880K, 0% used [0x00000000fa010000,0x00000000fa010000,0x00000000faab0000)
  to   space 10880K, 0% used [0x00000000f9570000,0x00000000f9570000,0x00000000fa010000)
 ParOldGen       total 174784K, used 0K [0x00000000e0000000, 0x00000000eaab0000, 0x00000000f5560000)
  object space 174784K, 0% used [0x00000000e0000000,0x00000000e0000000,0x00000000eaab0000)
 PSPermGen       total 21248K, used 12343K [0x00000000dae00000, 0x00000000dc2c0000, 0x00000000e0000000)
  object space 21248K, 58% used [0x00000000dae00000,0x00000000dba0de50,0x00000000dc2c0000)
Event: 1.485 GC heap after
Heap after GC invocations=1 (full 0):
 PSYoungGen      total 76480K, used 10197K [0x00000000f5560000, 0x00000000faab0000, 0x0000000100000000)
  eden space 65600K, 0% used [0x00000000f5560000,0x00000000f5560000,0x00000000f9570000)
  from space 10880K, 93% used [0x00000000f9570000,0x00000000f9f655c8,0x00000000fa010000)
  to   space 10880K, 0% used [0x00000000fa010000,0x00000000fa010000,0x00000000faab0000)
 ParOldGen       total 174784K, used 8K [0x00000000e0000000, 0x00000000eaab0000, 0x00000000f5560000)
  object space 174784K, 0% used [0x00000000e0000000,0x00000000e0002000,0x00000000eaab0000)
 PSPermGen       total 21248K, used 12343K [0x00000000dae00000, 0x00000000dc2c0000, 0x00000000e0000000)
  object space 21248K, 58% used [0x00000000dae00000,0x00000000dba0de50,0x00000000dc2c0000)
}
Event: 2.689 GC heap before
{Heap before GC invocations=2 (full 0):
 PSYoungGen      total 76480K, used 75797K [0x00000000f5560000, 0x00000000faab0000, 0x0000000100000000)
  eden space 65600K, 100% used [0x00000000f5560000,0x00000000f9570000,0x00000000f9570000)
  from space 10880K, 93% used [0x00000000f9570000,0x00000000f9f655c8,0x00000000fa010000)
  to   space 10880K, 0% used [0x00000000fa010000,0x00000000fa010000,0x00000000faab0000)
 ParOldGen       total 174784K, used 8K [0x00000000e0000000, 0x00000000eaab0000, 0x00000000f5560000)
  object space 174784K, 0% used [0x00000000e0000000,0x00000000e0002000,0x00000000eaab0000)
 PSPermGen       total 21248K, used 16919K [0x00000000dae00000, 0x00000000dc2c0000, 0x00000000e0000000)
  object space 21248K, 79% used [0x00000000dae00000,0x00000000dbe85fd0,0x00000000dc2c0000)
Event: 2.710 GC heap after
Heap after GC invocations=2 (full 0):
 PSYoungGen      total 76480K, used 10868K [0x00000000f5560000, 0x00000000feac0000, 0x0000000100000000)
  eden space 65600K, 0% used [0x00000000f5560000,0x00000000f5560000,0x00000000f9570000)
  from space 10880K, 99% used [0x00000000fa010000,0x00000000faaad3e8,0x00000000faab0000)
  to   space 10880K, 0% used [0x00000000f9570000,0x00000000f9570000,0x00000000fa010000)
 ParOldGen       total 174784K, used 1823K [0x00000000e0000000, 0x00000000eaab0000, 0x00000000f5560000)
  object space 174784K, 1% used [0x00000000e0000000,0x00000000e01c7e78,0x00000000eaab0000)
 PSPermGen       total 21248K, used 16919K [0x00000000dae00000, 0x00000000dc2c0000, 0x00000000e0000000)
  object space 21248K, 79% used [0x00000000dae00000,0x00000000dbe85fd0,0x00000000dc2c0000)
}
Event: 4.341 GC heap before
{Heap before GC invocations=3 (full 0):
 PSYoungGen      total 76480K, used 76468K [0x00000000f5560000, 0x00000000feac0000, 0x0000000100000000)
  eden space 65600K, 100% used [0x00000000f5560000,0x00000000f9570000,0x00000000f9570000)
  from space 10880K, 99% used [0x00000000fa010000,0x00000000faaad3e8,0x00000000faab0000)
  to   space 10880K, 0% used [0x00000000f9570000,0x00000000f9570000,0x00000000fa010000)
 ParOldGen       total 174784K, used 1823K [0x00000000e0000000, 0x00000000eaab0000, 0x00000000f5560000)
  object space 174784K, 1% used [0x00000000e0000000,0x00000000e01c7e78,0x00000000eaab0000)
 PSPermGen       total 21248K, used 19375K [0x00000000dae00000, 0x00000000dc2c0000, 0x00000000e0000000)
  object space 21248K, 91% used [0x00000000dae00000,0x00000000dc0ebfc0,0x00000000dc2c0000)
Event: 4.356 GC heap after
Heap after GC invocations=3 (full 0):
 PSYoungGen      total 76480K, used 10873K [0x00000000f5560000, 0x00000000feac0000, 0x0000000100000000)
  eden space 65600K, 0% used [0x00000000f5560000,0x00000000f5560000,0x00000000f9570000)
  from space 10880K, 99% used [0x00000000f9570000,0x00000000fa00e528,0x00000000fa010000)
  to   space 10880K, 0% used [0x00000000fe020000,0x00000000fe020000,0x00000000feac0000)
 ParOldGen       total 174784K, used 4611K [0x00000000e0000000, 0x00000000eaab0000, 0x00000000f5560000)
  object space 174784K, 2% used [0x00000000e0000000,0x00000000e0480ca8,0x00000000eaab0000)
 PSPermGen       total 21248K, used 19375K [0x00000000dae00000, 0x00000000dc2c0000, 0x00000000e0000000)
  object space 21248K, 91% used [0x00000000dae00000,0x00000000dc0ebfc0,0x00000000dc2c0000)
}
Event: 5.134 GC heap before
{Heap before GC invocations=4 (full 0):
 PSYoungGen      total 76480K, used 59306K [0x00000000f5560000, 0x00000000feac0000, 0x0000000100000000)
  eden space 65600K, 73% used [0x00000000f5560000,0x00000000f84ac530,0x00000000f9570000)
  from space 10880K, 99% used [0x00000000f9570000,0x00000000fa00e528,0x00000000fa010000)
  to   space 10880K, 0% used [0x00000000fe020000,0x00000000fe020000,0x00000000feac0000)
 ParOldGen       total 174784K, used 4611K [0x00000000e0000000, 0x00000000eaab0000, 0x00000000f5560000)
  object space 174784K, 2% used [0x00000000e0000000,0x00000000e0480ca8,0x00000000eaab0000)
 PSPermGen       total 21248K, used 20652K [0x00000000dae00000, 0x00000000dc2c0000, 0x00000000e0000000)
  object space 21248K, 97% used [0x00000000dae00000,0x00000000dc22b358,0x00000000dc2c0000)
Event: 5.168 GC heap after
Heap after GC invocations=4 (full 0):
 PSYoungGen      total 142080K, used 10871K [0x00000000f5560000, 0x00000000feac0000, 0x0000000100000000)
  eden space 131200K, 0% used [0x00000000f5560000,0x00000000f5560000,0x00000000fd580000)
  from space 10880K, 99% used [0x00000000fe020000,0x00000000feabdca0,0x00000000feac0000)
  to   space 10880K, 0% used [0x00000000fd580000,0x00000000fd580000,0x00000000fe020000)
 ParOldGen       total 174784K, used 6643K [0x00000000e0000000, 0x00000000eaab0000, 0x00000000f5560000)
  object space 174784K, 3% used [0x00000000e0000000,0x00000000e067cca0,0x00000000eaab0000)
 PSPermGen       total 21248K, used 20652K [0x00000000dae00000, 0x00000000dc2c0000, 0x00000000e0000000)
  object space 21248K, 97% used [0x00000000dae00000,0x00000000dc22b358,0x00000000dc2c0000)
}
Event: 5.168 GC heap before
{Heap before GC invocations=5 (full 1):
 PSYoungGen      total 142080K, used 10871K [0x00000000f5560000, 0x00000000feac0000, 0x0000000100000000)
  eden space 131200K, 0% used [0x00000000f5560000,0x00000000f5560000,0x00000000fd580000)
  from space 10880K, 99% used [0x00000000fe020000,0x00000000feabdca0,0x00000000feac0000)
  to   space 10880K, 0% used [0x00000000fd580000,0x00000000fd580000,0x00000000fe020000)
 ParOldGen       total 174784K, used 6643K [0x00000000e0000000, 0x00000000eaab0000, 0x00000000f5560000)
  object space 174784K, 3% used [0x00000000e0000000,0x00000000e067cca0,0x00000000eaab0000)
 PSPermGen       total 21248K, used 20652K [0x00000000dae00000, 0x00000000dc2c0000, 0x00000000e0000000)
  object space 21248K, 97% used [0x00000000dae00000,0x00000000dc22b358,0x00000000dc2c0000)

